#
# A fatal error has been detected by the Java Runtime Environment:
#
#  EXCEPTION_ACCESS_VIOLATION (0xc0000005) at pc=0x00007ffe337b846d, pid=12588, tid=0x0000000000002538
#
# JRE version: Java(TM) SE Runtime Environment (8.0_161-b12) (build 1.8.0_161-b12)
# Java VM: Java HotSpot(TM) 64-Bit Server VM (25.161-b12 mixed mode windows-amd64 compressed oops)
# Problematic frame:
# C  [lwjgl_opengl.dll+0x846d]
#
# Failed to write core dump. Minidumps are not enabled by default on client versions of Windows
#
# If you would like to submit a bug report, please visit:
#   http://bugreport.java.com/bugreport/crash.jsp
# The crash happened outside the Java Virtual Machine in native code.
# See problematic frame for where to report the bug.
#

---------------  T H R E A D  ---------------

Current thread (0x00000000054ab000):  JavaThread "main" [_thread_in_native, id=9528, stack(0x00000000052d0000,0x00000000053d0000)]

siginfo: ExceptionCode=0xc0000005, reading address 0x0000000000000f70

Registers:
RAX=0x0000000054073d50, RBX=0x0000000018c5a6b0, RCX=0x0000000000000001, RDX=0x000000001b167c5c
RSP=0x00000000053cee68, RBP=0x00000000053ceef0, RSI=0x0000000000001198, RDI=0x0000000005777e70
R8 =0x0000000000000001, R9 =0x000000001b167c5c, R10=0x0000000000000000, R11=0x0000000053afbcb0
R12=0x0000000000000000, R13=0x0000000018c5a6b0, R14=0x00000000053cef20, R15=0x00000000054ab000
RIP=0x00007ffe337b846d, EFLAGS=0x0000000000010202

Top of Stack: (sp=0x00000000053cee68)
0x00000000053cee68:   0000000005786827 0000000005777e70
0x00000000053cee78:   000000000578655d 00000000054ab000
0x00000000053cee88:   0000000018c5a6b0 0000000000001198
0x00000000053cee98:   00000000054ab000 00000000053cef98
0x00000000053ceea8:   0000000005786522 00000000053ceeb0
0x00000000053ceeb8:   0000000018c5a6b0 00000000053cef20
0x00000000053ceec8:   0000000018c5d1f8 0000000000000000
0x00000000053ceed8:   0000000018c5a6b0 0000000000000000
0x00000000053ceee8:   00000000053cef10 00000000053cef68
0x00000000053ceef8:   000000000577835d 00000000e2059f68
0x00000000053cef08:   00000000057821d8 000000001b167c5c
0x00000000053cef18:   00000000e21123b0 0000000000000001
0x00000000053cef28:   00000000053cef28 0000000018c5a824
0x00000000053cef38:   00000000053cef98 0000000018c5d1f8
0x00000000053cef48:   0000000000000000 0000000018c5a890
0x00000000053cef58:   00000000053cef10 00000000053cefa0 

Instructions: (pc=0x00007ffe337b846d)
0x00007ffe337b844d:   49 ff a2 30 0a 00 00 cc cc cc cc cc cc cc cc cc
0x00007ffe337b845d:   cc cc cc 48 8b 01 49 8b d1 41 8b c8 4c 8b 50 18
0x00007ffe337b846d:   49 ff a2 70 0f 00 00 cc cc cc cc cc cc cc cc cc
0x00007ffe337b847d:   cc cc cc 48 8b 01 48 8b 48 18 48 8b 81 78 1c 00 


Register to memory mapping:

RAX=0x0000000054073d50 is an unknown value
RBX={method} {0x0000000018c5a6b8} 'nglGenVertexArrays' '(IJ)V' in 'org/lwjgl/opengl/GL30'
RCX=0x0000000000000001 is an unknown value
RDX=0x000000001b167c5c is an unknown value
RSP=0x00000000053cee68 is pointing into the stack for thread: 0x00000000054ab000
RBP=0x00000000053ceef0 is pointing into the stack for thread: 0x00000000054ab000
RSI=0x0000000000001198 is an unknown value
RDI=0x0000000005777e70 is at code_begin+1040 in an Interpreter codelet
invoke return entry points  [0x0000000005777a60, 0x0000000005778440]  2528 bytes
R8 =0x0000000000000001 is an unknown value
R9 =0x000000001b167c5c is an unknown value
R10=0x0000000000000000 is an unknown value
R11=0x0000000053afbcb0 is an unknown value
R12=0x0000000000000000 is an unknown value
R13={method} {0x0000000018c5a6b8} 'nglGenVertexArrays' '(IJ)V' in 'org/lwjgl/opengl/GL30'
R14=0x00000000053cef20 is pointing into the stack for thread: 0x00000000054ab000
R15=0x00000000054ab000 is a thread


Stack: [0x00000000052d0000,0x00000000053d0000],  sp=0x00000000053cee68,  free space=1019k
Native frames: (J=compiled Java code, j=interpreted, Vv=VM code, C=native code)
C  [lwjgl_opengl.dll+0x846d]

Java frames: (J=compiled Java code, j=interpreted, Vv=VM code)
j  org.lwjgl.opengl.GL30.nglGenVertexArrays(IJ)V+0
j  org.lwjgl.opengl.GL30.glGenVertexArrays()I+20
j  ga.nullcraft.client.graphics.Mesh.<init>([F[F[I)V+20
j  ga.nullcraft.client.NullcraftClient.init()V+166
j  ga.nullcraft.client.NullcraftClient.start(Lga/nullcraft/client/window/WindowManager;)V+97
j  ga.nullcraft.client.window.WindowManager.run(Lga/nullcraft/client/NullcraftClient;)V+125
j  ga.nullcraft.client.LaunchManager.main([Ljava/lang/String;)V+253
v  ~StubRoutines::call_stub

---------------  P R O C E S S  ---------------

Java Threads: ( => current thread )
  0x000000001accf800 JavaThread "Service Thread" daemon [_thread_blocked, id=6648, stack(0x000000001b600000,0x000000001b700000)]
  0x000000001acc4800 JavaThread "C1 CompilerThread2" daemon [_thread_blocked, id=14560, stack(0x000000001b500000,0x000000001b600000)]
  0x000000001ac63000 JavaThread "C2 CompilerThread1" daemon [_thread_blocked, id=11916, stack(0x000000001b400000,0x000000001b500000)]
  0x000000001ab83000 JavaThread "C2 CompilerThread0" daemon [_thread_blocked, id=3872, stack(0x000000001b300000,0x000000001b400000)]
  0x000000001ab81800 JavaThread "Monitor Ctrl-Break" daemon [_thread_in_native, id=9032, stack(0x000000001b200000,0x000000001b300000)]
  0x0000000018fcd800 JavaThread "Attach Listener" daemon [_thread_blocked, id=10420, stack(0x000000001a900000,0x000000001aa00000)]
  0x000000001a443800 JavaThread "Signal Dispatcher" daemon [_thread_blocked, id=11200, stack(0x000000001a800000,0x000000001a900000)]
  0x0000000018f91000 JavaThread "Finalizer" daemon [_thread_blocked, id=12016, stack(0x000000001a200000,0x000000001a300000)]
  0x0000000018f68800 JavaThread "Reference Handler" daemon [_thread_blocked, id=13372, stack(0x000000001a100000,0x000000001a200000)]
=>0x00000000054ab000 JavaThread "main" [_thread_in_native, id=9528, stack(0x00000000052d0000,0x00000000053d0000)]

Other Threads:
  0x0000000018f67000 VMThread [stack: 0x000000001a000000,0x000000001a100000] [id=14664]
  0x000000001ad92800 WatcherThread [stack: 0x000000001b700000,0x000000001b800000] [id=7540]

VM state:not at safepoint (normal execution)

VM Mutex/Monitor currently owned by a thread: None

Heap:
 PSYoungGen      total 28160K, used 22472K [0x00000000e0b80000, 0x00000000e2a80000, 0x0000000100000000)
  eden space 24576K, 91% used [0x00000000e0b80000,0x00000000e2172108,0x00000000e2380000)
  from space 3584K, 0% used [0x00000000e2700000,0x00000000e2700000,0x00000000e2a80000)
  to   space 3584K, 0% used [0x00000000e2380000,0x00000000e2380000,0x00000000e2700000)
 ParOldGen       total 64512K, used 0K [0x00000000a2200000, 0x00000000a6100000, 0x00000000e0b80000)
  object space 64512K, 0% used [0x00000000a2200000,0x00000000a2200000,0x00000000a6100000)
 Metaspace       used 7261K, capacity 7514K, committed 7552K, reserved 1056768K
  class space    used 808K, capacity 871K, committed 896K, reserved 1048576K

Card table byte_map: [0x0000000014b30000,0x0000000014e20000] byte_map_base: 0x000000001461f000

Marking Bits: (ParMarkBitMap*) 0x00000000540ef860
 Begin Bits: [0x0000000015420000, 0x0000000016b98000)
 End Bits:   [0x0000000016b98000, 0x0000000018310000)

Polling page: 0x0000000003680000

CodeCache: size=245760Kb used=3045Kb max_used=3045Kb free=242714Kb
 bounds [0x0000000005770000, 0x0000000005a70000, 0x0000000014770000]
 total_blobs=1420 nmethods=687 adapters=647
 compilation: enabled

Compilation events (10 events):
Event: 3.584 Thread 0x000000001acc4800  684       3       java.lang.ClassLoader::checkPackageAccess (122 bytes)
Event: 3.585 Thread 0x000000001acc4800 nmethod 684 0x0000000005a68910 code [0x0000000005a68b40, 0x0000000005a69728]
Event: 3.585 Thread 0x000000001acc4800  683       3       java.lang.Byte::toUnsignedInt (6 bytes)
Event: 3.585 Thread 0x000000001acc4800 nmethod 683 0x0000000005a69cd0 code [0x0000000005a69e20, 0x0000000005a69f50]
Event: 3.588 Thread 0x000000001acc4800  685       1       java.util.jar.Manifest::getMainAttributes (5 bytes)
Event: 3.588 Thread 0x000000001acc4800 nmethod 685 0x0000000005a69fd0 code [0x0000000005a6a120, 0x0000000005a6a230]
Event: 3.588 Thread 0x000000001acc4800  686       1       java.util.jar.Manifest::getEntries (5 bytes)
Event: 3.588 Thread 0x000000001acc4800 nmethod 686 0x0000000005a6a290 code [0x0000000005a6a3e0, 0x0000000005a6a4f0]
Event: 3.588 Thread 0x000000001acc4800  687       1       java.util.jar.JarFile::access$300 (5 bytes)
Event: 3.588 Thread 0x000000001acc4800 nmethod 687 0x0000000005a6a550 code [0x0000000005a6a6a0, 0x0000000005a6a790]

GC Heap History (0 events):
No events

Deoptimization events (10 events):
Event: 0.965 Thread 0x00000000054ab000 Uncommon trap: reason=bimorphic action=maybe_recompile pc=0x00000000058bb080 method=java.util.HashMap.getNode(ILjava/lang/Object;)Ljava/util/HashMap$Node; @ 126
Event: 0.966 Thread 0x00000000054ab000 Uncommon trap: reason=bimorphic action=maybe_recompile pc=0x00000000058bb080 method=java.util.HashMap.getNode(ILjava/lang/Object;)Ljava/util/HashMap$Node; @ 126
Event: 0.966 Thread 0x00000000054ab000 Uncommon trap: reason=bimorphic action=maybe_recompile pc=0x00000000058bb080 method=java.util.HashMap.getNode(ILjava/lang/Object;)Ljava/util/HashMap$Node; @ 126
Event: 1.244 Thread 0x00000000054ab000 Uncommon trap: reason=bimorphic action=maybe_recompile pc=0x00000000058bc970 method=java.util.HashMap.getNode(ILjava/lang/Object;)Ljava/util/HashMap$Node; @ 126
Event: 1.277 Thread 0x00000000054ab000 Uncommon trap: reason=unstable_if action=reinterpret pc=0x00000000058b88b4 method=java.lang.String.lastIndexOf([CII[CIII)I @ 66
Event: 1.398 Thread 0x00000000054ab000 Uncommon trap: reason=unstable_if action=reinterpret pc=0x000000000597415c method=java.lang.String.indexOf([CII[CIII)I @ 134
Event: 1.409 Thread 0x00000000054ab000 Uncommon trap: reason=unstable_if action=reinterpret pc=0x00000000058fca08 method=sun.misc.URLClassPath$JarLoader.getResource(Ljava/lang/String;Z)Lsun/misc/Resource; @ 15
Event: 1.409 Thread 0x00000000054ab000 Uncommon trap: reason=unstable_if action=reinterpret pc=0x00000000058eb014 method=sun.misc.URLClassPath$JarLoader.ensureOpen()V @ 4
Event: 1.462 Thread 0x00000000054ab000 Uncommon trap: reason=unloaded action=reinterpret pc=0x00000000058e9428 method=sun.misc.URLClassPath.getLoader(I)Lsun/misc/URLClassPath$Loader; @ 113
Event: 1.464 Thread 0x00000000054ab000 Uncommon trap: reason=unloaded action=reinterpret pc=0x00000000058ed2cc method=sun.misc.URLClassPath.getLoader(I)Lsun/misc/URLClassPath$Loader; @ 113

Classes redefined (0 events):
No events

Internal exceptions (10 events):
Event: 0.071 Thread 0x00000000054ab000 Exception <a 'java/lang/NoSuchMethodError': Method sun.misc.Unsafe.prefetchRead(Ljava/lang/Object;J)V name or signature does not match> (0x00000000e0b87f88) thrown at [C:\re\workspace\8-2-build-windows-amd64-cygwin\jdk8u161\10277\hotspot\src\share\vm\prim
Event: 1.318 Thread 0x00000000054ab000 Exception <a 'java/lang/NoSuchMethodError': java.lang.Object.lambda$static$0(Ljava/lang/String;)Ljava/lang/Boolean;> (0x00000000e1a80410) thrown at [C:\re\workspace\8-2-build-windows-amd64-cygwin\jdk8u161\10277\hotspot\src\share\vm\interpreter\linkResolve
Event: 1.348 Thread 0x00000000054ab000 Exception <a 'java/lang/NoSuchFieldError': method resolution failed> (0x00000000e1b027c8) thrown at [C:\re\workspace\8-2-build-windows-amd64-cygwin\jdk8u161\10277\hotspot\src\share\vm\prims\methodHandles.cpp, line 1167]
Event: 1.352 Thread 0x00000000054ab000 Exception <a 'java/lang/NoSuchFieldError': method resolution failed> (0x00000000e1b10628) thrown at [C:\re\workspace\8-2-build-windows-amd64-cygwin\jdk8u161\10277\hotspot\src\share\vm\prims\methodHandles.cpp, line 1167]
Event: 1.462 Thread 0x00000000054ab000 Exception <a 'java/security/PrivilegedActionException'> (0x00000000e1cfe770) thrown at [C:\re\workspace\8-2-build-windows-amd64-cygwin\jdk8u161\10277\hotspot\src\share\vm\prims\jvm.cpp, line 1390]
Event: 1.462 Thread 0x00000000054ab000 Exception <a 'java/security/PrivilegedActionException'> (0x00000000e1cfe980) thrown at [C:\re\workspace\8-2-build-windows-amd64-cygwin\jdk8u161\10277\hotspot\src\share\vm\prims\jvm.cpp, line 1390]
Event: 1.464 Thread 0x00000000054ab000 Exception <a 'java/security/PrivilegedActionException'> (0x00000000e1d02a78) thrown at [C:\re\workspace\8-2-build-windows-amd64-cygwin\jdk8u161\10277\hotspot\src\share\vm\prims\jvm.cpp, line 1390]
Event: 1.464 Thread 0x00000000054ab000 Exception <a 'java/security/PrivilegedActionException'> (0x00000000e1d02c88) thrown at [C:\re\workspace\8-2-build-windows-amd64-cygwin\jdk8u161\10277\hotspot\src\share\vm\prims\jvm.cpp, line 1390]
Event: 3.586 Thread 0x00000000054ab000 Exception <a 'sun/nio/fs/WindowsException'> (0x00000000e20f15c0) thrown at [C:\re\workspace\8-2-build-windows-amd64-cygwin\jdk8u161\10277\hotspot\src\share\vm\prims\jni.cpp, line 709]
Event: 3.586 Thread 0x00000000054ab000 Exception <a 'sun/nio/fs/WindowsException'> (0x00000000e20f1ba0) thrown at [C:\re\workspace\8-2-build-windows-amd64-cygwin\jdk8u161\10277\hotspot\src\share\vm\prims\jni.cpp, line 709]

Events (10 events):
Event: 3.586 loading class java/nio/file/NoSuchFileException
Event: 3.586 loading class java/nio/file/FileSystemException
Event: 3.586 loading class java/nio/file/FileSystemException done
Event: 3.586 loading class java/nio/file/NoSuchFileException done
Event: 3.587 loading class org/lwjgl/opengl/GL$1
Event: 3.587 loading class org/lwjgl/opengl/GL$1 done
Event: 3.587 loading class org/lwjgl/opengl/GL$SharedLibraryGL
Event: 3.587 loading class org/lwjgl/opengl/GL$SharedLibraryGL done
Event: 3.588 loading class org/lwjgl/system/SharedLibrary$Delegate
Event: 3.588 loading class org/lwjgl/system/SharedLibrary$Delegate done


Dynamic libraries:
0x00007ff7f6fe0000 - 0x00007ff7f7017000 	C:\Program Files\Java\jdk1.8.0_161\bin\java.exe
0x00007ffe54a50000 - 0x00007ffe54c30000 	C:\WINDOWS\SYSTEM32\ntdll.dll
0x00007ffe52600000 - 0x00007ffe526ae000 	C:\WINDOWS\System32\KERNEL32.DLL
0x00007ffe51a60000 - 0x00007ffe51cc6000 	C:\WINDOWS\System32\KERNELBASE.dll
0x00007ffe52d70000 - 0x00007ffe52e11000 	C:\WINDOWS\System32\ADVAPI32.dll
0x00007ffe54970000 - 0x00007ffe54a0d000 	C:\WINDOWS\System32\msvcrt.dll
0x00007ffe52480000 - 0x00007ffe524db000 	C:\WINDOWS\System32\sechost.dll
0x00007ffe52c50000 - 0x00007ffe52d6f000 	C:\WINDOWS\System32\RPCRT4.dll
0x00007ffe52750000 - 0x00007ffe528df000 	C:\WINDOWS\System32\USER32.dll
0x00007ffe510a0000 - 0x00007ffe510c0000 	C:\WINDOWS\System32\win32u.dll
0x00007ffe52e20000 - 0x00007ffe52e48000 	C:\WINDOWS\System32\GDI32.dll
0x00007ffe51810000 - 0x00007ffe519a3000 	C:\WINDOWS\System32\gdi32full.dll
0x00007ffe51cd0000 - 0x00007ffe51d6b000 	C:\WINDOWS\System32\msvcp_win.dll
0x00007ffe51dc0000 - 0x00007ffe51eb6000 	C:\WINDOWS\System32\ucrtbase.dll
0x00007ffe4a380000 - 0x00007ffe4a5e9000 	C:\WINDOWS\WinSxS\amd64_microsoft.windows.common-controls_6595b64144ccf1df_6.0.16299.371_none_15c7d1789365a290\COMCTL32.dll
0x00007ffe52940000 - 0x00007ffe52c48000 	C:\WINDOWS\System32\combase.dll
0x00007ffe50e50000 - 0x00007ffe50ec2000 	C:\WINDOWS\System32\bcryptPrimitives.dll
0x00007ffe54940000 - 0x00007ffe5496d000 	C:\WINDOWS\System32\IMM32.DLL
0x00000000557e0000 - 0x00000000558b2000 	C:\Program Files\Java\jdk1.8.0_161\jre\bin\msvcr100.dll
0x00000000538d0000 - 0x000000005416f000 	C:\Program Files\Java\jdk1.8.0_161\jre\bin\server\jvm.dll
0x00007ffe54a10000 - 0x00007ffe54a18000 	C:\WINDOWS\System32\PSAPI.DLL
0x00007ffe4deb0000 - 0x00007ffe4ded3000 	C:\WINDOWS\SYSTEM32\WINMM.dll
0x00007ffe4add0000 - 0x00007ffe4adda000 	C:\WINDOWS\SYSTEM32\VERSION.dll
0x00007ffe3aef0000 - 0x00007ffe3aef9000 	C:\WINDOWS\SYSTEM32\WSOCK32.dll
0x00007ffe54690000 - 0x00007ffe546fc000 	C:\WINDOWS\System32\WS2_32.dll
0x00007ffe4de80000 - 0x00007ffe4deaa000 	C:\WINDOWS\SYSTEM32\WINMMBASE.dll
0x00007ffe51d70000 - 0x00007ffe51dba000 	C:\WINDOWS\System32\cfgmgr32.dll
0x00000000557d0000 - 0x00000000557df000 	C:\Program Files\Java\jdk1.8.0_161\jre\bin\verify.dll
0x00000000557a0000 - 0x00000000557c9000 	C:\Program Files\Java\jdk1.8.0_161\jre\bin\java.dll
0x0000000055770000 - 0x0000000055793000 	C:\Program Files\Java\jdk1.8.0_161\jre\bin\instrument.dll
0x0000000055750000 - 0x0000000055766000 	C:\Program Files\Java\jdk1.8.0_161\jre\bin\zip.dll
0x00007ffe53090000 - 0x00007ffe544c6000 	C:\WINDOWS\System32\SHELL32.dll
0x00007ffe523d0000 - 0x00007ffe52476000 	C:\WINDOWS\System32\shcore.dll
0x00007ffe510c0000 - 0x00007ffe51807000 	C:\WINDOWS\System32\windows.storage.dll
0x00007ffe51f20000 - 0x00007ffe51f71000 	C:\WINDOWS\System32\shlwapi.dll
0x00007ffe50dc0000 - 0x00007ffe50dd1000 	C:\WINDOWS\System32\kernel.appcore.dll
0x00007ffe50de0000 - 0x00007ffe50e2c000 	C:\WINDOWS\System32\powrprof.dll
0x00007ffe50da0000 - 0x00007ffe50dbb000 	C:\WINDOWS\System32\profapi.dll
0x00007ffe3f550000 - 0x00007ffe3f56a000 	C:\Program Files\JetBrains\IntelliJ IDEA 2017.3.4\bin\breakgen64.dll
0x0000000055730000 - 0x000000005574a000 	C:\Program Files\Java\jdk1.8.0_161\jre\bin\net.dll
0x00007ffe50630000 - 0x00007ffe50696000 	C:\WINDOWS\system32\mswsock.dll
0x00007ffe507f0000 - 0x00007ffe50807000 	C:\WINDOWS\SYSTEM32\CRYPTSP.dll
0x00007ffe50230000 - 0x00007ffe50263000 	C:\WINDOWS\system32\rsaenh.dll
0x00007ffe50900000 - 0x00007ffe50925000 	C:\WINDOWS\SYSTEM32\bcrypt.dll
0x00007ffe50cd0000 - 0x00007ffe50cf9000 	C:\WINDOWS\SYSTEM32\USERENV.dll
0x00007ffe50810000 - 0x00007ffe5081b000 	C:\WINDOWS\SYSTEM32\CRYPTBASE.dll
0x00007ffe503c0000 - 0x00007ffe503f9000 	C:\WINDOWS\SYSTEM32\IPHLPAPI.DLL
0x00007ffe54930000 - 0x00007ffe54938000 	C:\WINDOWS\System32\NSI.dll
0x00007ffe49eb0000 - 0x00007ffe49ec6000 	C:\WINDOWS\SYSTEM32\dhcpcsvc6.DLL
0x00007ffe49e90000 - 0x00007ffe49eaa000 	C:\WINDOWS\SYSTEM32\dhcpcsvc.DLL
0x0000000055710000 - 0x0000000055721000 	C:\Program Files\Java\jdk1.8.0_161\jre\bin\nio.dll
0x00007ffe38970000 - 0x00007ffe389cb000 	C:\Users\user\AppData\Local\Temp\lwjgluser\3.1.6-build-14\lwjgl.dll
0x00007ffe37680000 - 0x00007ffe376d1000 	C:\Users\user\AppData\Local\Temp\lwjgluser\3.1.6-build-14\glfw.dll
0x00007ffe4f380000 - 0x00007ffe4f415000 	C:\WINDOWS\system32\uxtheme.dll
0x00007ffe37b90000 - 0x00007ffe37bd3000 	C:\WINDOWS\SYSTEM32\dinput8.dll
0x00007ffe42d30000 - 0x00007ffe42d40000 	C:\WINDOWS\SYSTEM32\xinput1_4.dll
0x00007ffe50bb0000 - 0x00007ffe50bd7000 	C:\WINDOWS\SYSTEM32\DEVOBJ.dll
0x00007ffe4f640000 - 0x00007ffe4f66a000 	C:\WINDOWS\SYSTEM32\dwmapi.dll
0x00007ffe4c670000 - 0x00007ffe4c69e000 	C:\WINDOWS\SYSTEM32\inputhost.dll
0x00007ffe4d760000 - 0x00007ffe4d83c000 	C:\WINDOWS\SYSTEM32\CoreMessaging.dll
0x00007ffe4cae0000 - 0x00007ffe4cdce000 	C:\WINDOWS\SYSTEM32\CoreUIComponents.dll
0x00007ffe4c9a0000 - 0x00007ffe4cad6000 	C:\WINDOWS\SYSTEM32\wintypes.dll
0x00007ffe4fed0000 - 0x00007ffe4ff01000 	C:\WINDOWS\SYSTEM32\ntmarta.dll
0x00007ffe52e50000 - 0x00007ffe52fb7000 	C:\WINDOWS\System32\MSCTF.dll
0x00007ffe52fc0000 - 0x00007ffe53085000 	C:\WINDOWS\System32\OLEAUT32.dll
0x00007ffe4fb70000 - 0x00007ffe4fb7c000 	C:\WINDOWS\SYSTEM32\HID.DLL
0x00007ffe51f80000 - 0x00007ffe523ce000 	C:\WINDOWS\System32\SETUPAPI.DLL
0x00007ffe51ec0000 - 0x00007ffe51f18000 	C:\WINDOWS\System32\WINTRUST.dll
0x00007ffe50e30000 - 0x00007ffe50e42000 	C:\WINDOWS\System32\MSASN1.dll
0x00007ffe50ed0000 - 0x00007ffe5109e000 	C:\WINDOWS\System32\CRYPT32.dll
0x00007ffe394a0000 - 0x00007ffe395be000 	C:\WINDOWS\SYSTEM32\opengl32.dll
0x00007ffe40250000 - 0x00007ffe4027c000 	C:\WINDOWS\SYSTEM32\GLU32.dll
0x0000000051a80000 - 0x00000000538c7000 	C:\WINDOWS\SYSTEM32\nvoglv64.DLL
0x00007ffe4db50000 - 0x00007ffe4db63000 	C:\WINDOWS\SYSTEM32\WTSAPI32.dll
0x00007ffe4ff40000 - 0x00007ffe4ff95000 	C:\WINDOWS\SYSTEM32\WINSTA.dll
0x00007ffe4fc00000 - 0x00007ffe4fcaf000 	C:\WINDOWS\SYSTEM32\dxgi.dll
0x00007ffe4df40000 - 0x00007ffe4e222000 	C:\WINDOWS\SYSTEM32\d3d11.dll
0x00007ffe4ade0000 - 0x00007ffe4bf9a000 	C:\WINDOWS\SYSTEM32\nvwgf2umx.dll
0x00007ffe47d30000 - 0x00007ffe47dc8000 	C:\WINDOWS\System32\TextInputFramework.dll
0x00007ffe337b0000 - 0x00007ffe3380f000 	C:\Users\user\AppData\Local\Temp\lwjgluser\3.1.6-build-14\lwjgl_opengl.dll
0x00007ffe43330000 - 0x00007ffe434f8000 	C:\WINDOWS\SYSTEM32\dbghelp.dll

VM Arguments:
jvm_args: -javaagent:C:\Program Files\JetBrains\IntelliJ IDEA 2017.3.4\lib\idea_rt.jar=54542:C:\Program Files\JetBrains\IntelliJ IDEA 2017.3.4\bin -Dfile.encoding=UTF-8 
java_command: ga.nullcraft.client.LaunchManager -width=640 -height=480
java_class_path (initial): C:\Program Files\Java\jdk1.8.0_161\jre\lib\charsets.jar;C:\Program Files\Java\jdk1.8.0_161\jre\lib\deploy.jar;C:\Program Files\Java\jdk1.8.0_161\jre\lib\ext\access-bridge-64.jar;C:\Program Files\Java\jdk1.8.0_161\jre\lib\ext\cldrdata.jar;C:\Program Files\Java\jdk1.8.0_161\jre\lib\ext\dnsns.jar;C:\Program Files\Java\jdk1.8.0_161\jre\lib\ext\jaccess.jar;C:\Program Files\Java\jdk1.8.0_161\jre\lib\ext\jfxrt.jar;C:\Program Files\Java\jdk1.8.0_161\jre\lib\ext\localedata.jar;C:\Program Files\Java\jdk1.8.0_161\jre\lib\ext\nashorn.jar;C:\Program Files\Java\jdk1.8.0_161\jre\lib\ext\sunec.jar;C:\Program Files\Java\jdk1.8.0_161\jre\lib\ext\sunjce_provider.jar;C:\Program Files\Java\jdk1.8.0_161\jre\lib\ext\sunmscapi.jar;C:\Program Files\Java\jdk1.8.0_161\jre\lib\ext\sunpkcs11.jar;C:\Program Files\Java\jdk1.8.0_161\jre\lib\ext\zipfs.jar;C:\Program Files\Java\jdk1.8.0_161\jre\lib\javaws.jar;C:\Program Files\Java\jdk1.8.0_161\jre\lib\jce.jar;C:\Program Files\Java\jdk1.8.0_161\jre\lib\jfr.jar;C:\Program Files\Java\jdk1.8.0_161\jre\lib\jfxswt.jar;C:\Program Files\Java\jdk1.8.0_161\jre\lib\jsse.jar;C:\Program Files\Java\jdk1.8.0_161\jre\lib\management-agent.jar;C:\Program Files\Java\jdk1.8.0_161\jre\lib\plugin.jar;C:\Program Files\Java\jdk1.8.0_161\jre\lib\resources.jar;C:\Program Files\Java\jdk1.8.0_161\jre\lib\rt.jar;C:\Users\user\Desktop\Story Workspace\Nuev\out\production\Client;C:\Users\user\Desktop\Story Workspace\Nuev\out\production\Nuev;C:\Users\user\Desktop\Story Workspace\Nuev\out\production\Server;C:\Users\user\Desktop\Story Workspace\Nuev\Client\lib\lwjgl-3\lwjgl\lwjgl.jar;C:\Users\user\Desktop\Story Workspace\Nuev\Client\lib\lwjgl-3\lwjgl\lwjgl-javadoc.jar;C:\Users\user\Desktop\Story Workspace\Nuev\Client\lib\lwjgl-3\lwjgl\lwjgl-sources.jar;C:\Users\user\Desktop\Story Workspace\Nuev\Client\lib\lwjgl-3\lwjgl\lwjgl-natives-linux.jar;C:\Users\user\Desktop\Story Workspace\Nuev\Client\lib\lwjgl-3\lwjgl\lwjgl-natives-macos.jar;C:\Users\user\Desktop\
Launcher Type: SUN_STANDARD

Environment Variables:
JAVA_HOME=C:\Program Files\Java\jdk1.8.0_161
PATH=C:\ProgramData\Oracle\Java\javapath;C:\WINDOWS\system32;C:\WINDOWS;C:\WINDOWS\System32\Wbem;C:\WINDOWS\System32\WindowsPowerShell\v1.0\;G:\nodejs;C:\Program Files\Java\jdk1.8.0_161\bin\;C:\Program Files (x86)\Windows Live\Shared;C:\Program Files\dotnet\;G:\Yarn\bin;C:\Program Files\Git\cmd;C:\Users\user\nodejs\;C:\Program Files\Microsoft SQL Server\130\Tools\Binn\;C:\Program Files\CMake\bin;C:\Python27;C:\MinGW\bin;C:\Users\user\AppData\Local\Microsoft\WindowsApps;G:\Microsoft VS Code\bin;G:\atom\bin;C:\Users\user\AppData\Local\Yarn\bin;C:\Users\user\AppData\Roaming\npm;C:\Program Files\Microsoft VS Code\bin
USERNAME=user
OS=Windows_NT
PROCESSOR_IDENTIFIER=Intel64 Family 6 Model 37 Stepping 2, GenuineIntel



---------------  S Y S T E M  ---------------

OS: Windows 10.0 , 64 bit Build 16299 (10.0.16299.15)

CPU:total 4 (initial active 4) (2 cores per cpu, 2 threads per core) family 6 model 37 stepping 2, cmov, cx8, fxsr, mmx, sse, sse2, sse3, ssse3, sse4.1, sse4.2, popcnt, ht, tsc, tscinvbit

Memory: 4k page, physical 6151280k(2120388k free), swap 9814184k(4346856k free)

vm_info: Java HotSpot(TM) 64-Bit Server VM (25.161-b12) for windows-amd64 JRE (1.8.0_161-b12), built on Dec 19 2017 17:52:25 by "java_re" with MS VC++ 10.0 (VS2010)

time: Sun May 06 22:54:35 2018
elapsed time: 3 seconds (0d 0h 0m 3s)

